<?xml version="1.0" encoding="UTF-8"?>
<coverage generated="1701115014850" clover="3.2.0">
  <project timestamp="1701115014850" name="All files">
    <metrics statements="54" coveredstatements="18" conditionals="18" coveredconditionals="8" methods="27" coveredmethods="6" elements="99" coveredelements="32" complexity="0" loc="54" ncloc="54" packages="1" files="6" classes="6"/>
    <file name="App.js" path="C:\Work\86NoMore\CSC510_Group12_Project2\src\components\App.js">
      <metrics statements="18" coveredstatements="12" conditionals="4" coveredconditionals="1" methods="6" coveredmethods="4"/>
      <line num="37" count="1" type="stmt"/>
      <line num="38" count="0" type="stmt"/>
      <line num="40" count="0" type="stmt"/>
      <line num="44" count="0" type="cond" truecount="0" falsecount="2"/>
      <line num="65" count="1" type="stmt"/>
      <line num="67" count="1" type="stmt"/>
      <line num="69" count="1" type="stmt"/>
      <line num="71" count="1" type="cond" truecount="1" falsecount="1"/>
      <line num="72" count="0" type="stmt"/>
      <line num="74" count="0" type="stmt"/>
      <line num="76" count="0" type="stmt"/>
      <line num="88" count="1" type="stmt"/>
      <line num="89" count="1" type="stmt"/>
      <line num="90" count="1" type="stmt"/>
      <line num="91" count="1" type="stmt"/>
      <line num="92" count="1" type="stmt"/>
      <line num="103" count="1" type="stmt"/>
      <line num="169" count="1" type="stmt"/>
    </file>
    <file name="Awareness.js" path="C:\Work\86NoMore\CSC510_Group12_Project2\src\components\Awareness.js">
      <metrics statements="1" coveredstatements="0" conditionals="0" coveredconditionals="0" methods="1" coveredmethods="0"/>
      <line num="9" count="0" type="stmt"/>
    </file>
    <file name="Cart.js" path="C:\Work\86NoMore\CSC510_Group12_Project2\src\components\Cart.js">
      <metrics statements="16" coveredstatements="0" conditionals="2" coveredconditionals="0" methods="10" coveredmethods="0"/>
      <line num="8" count="0" type="stmt"/>
      <line num="10" count="0" type="stmt"/>
      <line num="23" count="0" type="stmt"/>
      <line num="24" count="0" type="stmt"/>
      <line num="29" count="0" type="stmt"/>
      <line num="30" count="0" type="stmt"/>
      <line num="36" count="0" type="stmt"/>
      <line num="38" count="0" type="stmt"/>
      <line num="39" count="0" type="stmt"/>
      <line num="40" count="0" type="stmt"/>
      <line num="44" count="0" type="stmt"/>
      <line num="45" count="0" type="stmt"/>
      <line num="49" count="0" type="stmt"/>
      <line num="65" count="0" type="stmt"/>
      <line num="84" count="0" type="stmt"/>
      <line num="105" count="0" type="stmt"/>
    </file>
    <file name="Navbar.js" path="C:\Work\86NoMore\CSC510_Group12_Project2\src\components\Navbar.js">
      <metrics statements="10" coveredstatements="6" conditionals="10" coveredconditionals="7" methods="4" coveredmethods="2"/>
      <line num="17" count="1" type="stmt"/>
      <line num="18" count="0" type="stmt"/>
      <line num="19" count="0" type="stmt"/>
      <line num="22" count="1" type="stmt"/>
      <line num="23" count="0" type="stmt"/>
      <line num="25" count="0" type="stmt"/>
      <line num="29" count="1" type="stmt"/>
      <line num="30" count="1" type="stmt"/>
      <line num="32" count="1" type="stmt"/>
      <line num="187" count="1" type="stmt"/>
    </file>
    <file name="Ratings.js" path="C:\Work\86NoMore\CSC510_Group12_Project2\src\components\Ratings.js">
      <metrics statements="9" coveredstatements="0" conditionals="2" coveredconditionals="0" methods="6" coveredmethods="0"/>
      <line num="6" count="0" type="stmt"/>
      <line num="7" count="0" type="stmt"/>
      <line num="20" count="0" type="stmt"/>
      <line num="21" count="0" type="stmt"/>
      <line num="26" count="0" type="stmt"/>
      <line num="27" count="0" type="stmt"/>
      <line num="31" count="0" type="stmt"/>
      <line num="49" count="0" type="stmt"/>
      <line num="92" count="0" type="stmt"/>
    </file>
    <file name="index.js" path="C:\Work\86NoMore\CSC510_Group12_Project2\src\components\index.js">
      <metrics statements="0" coveredstatements="0" conditionals="0" coveredconditionals="0" methods="0" coveredmethods="0"/>
    </file>
  </project>
</coverage>
