TN:
SF:C:\Work\86NoMore\CSC510_Group12_Project2\src\components\App.js
FN:37,(anonymous_0)
FN:43,(anonymous_1)
FN:62,(anonymous_2)
FN:87,(anonymous_3)
FN:102,(anonymous_4)
FN:168,mapStateToProps
FNF:6
FNH:4
FNDA:0,(anonymous_0)
FNDA:0,(anonymous_1)
FNDA:1,(anonymous_2)
FNDA:1,(anonymous_3)
FNDA:1,(anonymous_4)
FNDA:1,mapStateToProps
DA:37,1
DA:38,0
DA:40,0
DA:44,0
DA:65,1
DA:67,1
DA:69,1
DA:71,1
DA:72,0
DA:74,0
DA:76,0
DA:88,1
DA:89,1
DA:90,1
DA:91,1
DA:92,1
DA:103,1
DA:169,1
LF:18
LH:12
BRDA:44,0,0,0
BRDA:44,0,1,0
BRDA:71,1,0,0
BRDA:71,1,1,1
BRF:4
BRH:1
end_of_record
TN:
SF:C:\Work\86NoMore\CSC510_Group12_Project2\src\components\Awareness.js
FN:8,(anonymous_0)
FNF:1
FNH:0
FNDA:0,(anonymous_0)
DA:9,0
LF:1
LH:0
BRF:0
BRH:0
end_of_record
TN:
SF:C:\Work\86NoMore\CSC510_Group12_Project2\src\components\Cart.js
FN:7,(anonymous_0)
FN:23,(anonymous_1)
FN:29,(anonymous_2)
FN:35,(anonymous_3)
FN:38,(anonymous_4)
FN:43,(anonymous_5)
FN:48,(anonymous_6)
FN:64,(anonymous_7)
FN:83,(anonymous_8)
FN:104,mapStateToProps
FNF:10
FNH:0
FNDA:0,(anonymous_0)
FNDA:0,(anonymous_1)
FNDA:0,(anonymous_2)
FNDA:0,(anonymous_3)
FNDA:0,(anonymous_4)
FNDA:0,(anonymous_5)
FNDA:0,(anonymous_6)
FNDA:0,(anonymous_7)
FNDA:0,(anonymous_8)
FNDA:0,mapStateToProps
DA:8,0
DA:10,0
DA:23,0
DA:24,0
DA:29,0
DA:30,0
DA:36,0
DA:38,0
DA:39,0
DA:40,0
DA:44,0
DA:45,0
DA:49,0
DA:65,0
DA:84,0
DA:105,0
LF:16
LH:0
BRDA:71,0,0,0
BRDA:71,0,1,0
BRF:2
BRH:0
end_of_record
TN:
SF:C:\Work\86NoMore\CSC510_Group12_Project2\src\components\Navbar.js
FN:17,(anonymous_0)
FN:22,(anonymous_1)
FN:28,(anonymous_2)
FN:186,mapStateToProps
FNF:4
FNH:2
FNDA:0,(anonymous_0)
FNDA:0,(anonymous_1)
FNDA:1,(anonymous_2)
FNDA:1,mapStateToProps
DA:17,1
DA:18,0
DA:19,0
DA:22,1
DA:23,0
DA:25,0
DA:29,1
DA:30,1
DA:32,1
DA:187,1
LF:10
LH:6
BRDA:46,0,0,1
BRDA:46,0,1,0
BRDA:108,1,0,1
BRDA:108,1,1,0
BRDA:136,2,0,1
BRDA:136,2,1,1
BRDA:151,3,0,1
BRDA:151,3,1,0
BRDA:163,4,0,1
BRDA:163,4,1,1
BRF:10
BRH:7
end_of_record
TN:
SF:C:\Work\86NoMore\CSC510_Group12_Project2\src\components\Ratings.js
FN:5,(anonymous_0)
FN:20,(anonymous_1)
FN:25,(anonymous_2)
FN:30,(anonymous_3)
FN:49,(anonymous_4)
FN:91,mapStateToProps
FNF:6
FNH:0
FNDA:0,(anonymous_0)
FNDA:0,(anonymous_1)
FNDA:0,(anonymous_2)
FNDA:0,(anonymous_3)
FNDA:0,(anonymous_4)
FNDA:0,mapStateToProps
DA:6,0
DA:7,0
DA:20,0
DA:21,0
DA:26,0
DA:27,0
DA:31,0
DA:49,0
DA:92,0
LF:9
LH:0
BRDA:37,0,0,0
BRDA:37,0,1,0
BRF:2
BRH:0
end_of_record
TN:
SF:C:\Work\86NoMore\CSC510_Group12_Project2\src\components\index.js
FNF:0
FNH:0
LF:0
LH:0
BRF:0
BRH:0
end_of_record
